{
"/home/jeboothjr/Documents/workspace/repositories/rpi/RasPi_GPIO/RasPi_GPIO.js":{"path":"/home/jeboothjr/Documents/workspace/repositories/rpi/RasPi_GPIO/RasPi_GPIO.js","s":{"1":1,"2":1,"3":8,"4":4,"5":4,"6":1,"7":2,"8":1,"9":1,"10":26,"11":26,"12":26,"13":26,"14":1,"15":1,"16":1,"17":1,"18":31,"19":31,"20":1,"21":30,"22":30,"23":30,"24":30,"25":30,"26":30,"27":1,"28":29,"29":21,"30":21,"31":3,"32":2,"33":21,"34":1,"35":1,"36":1,"37":1,"38":1,"39":1,"40":30,"41":30,"42":27,"43":3,"44":3,"45":3,"46":3,"47":1,"48":3,"49":3,"50":3,"51":3,"52":1,"53":3,"54":1,"55":8,"56":8,"57":8,"58":8,"59":8,"60":1,"61":8,"62":1,"63":6,"64":6,"65":2,"66":2,"67":6,"68":6,"69":2,"70":6,"71":1,"72":3,"73":3,"74":3,"75":3,"76":1,"77":3,"78":1,"79":24,"80":24,"81":3,"82":3,"83":24,"84":24,"85":24,"86":20,"87":24,"88":1,"89":3,"90":3,"91":3,"92":3,"93":1,"94":3,"95":1},"b":{"1":[4,4],"2":[8,5],"3":[1,1,1,1,1,2,2,1],"4":[1,30],"5":[31,30],"6":[30,0],"7":[1,29],"8":[20,10],"9":[30,11],"10":[1,29],"11":[21,8],"12":[3,3,2],"13":[27,3],"14":[1,2],"15":[3,1],"16":[1,2],"17":[8,2],"18":[1,7],"19":[2,4],"20":[1,1],"21":[1,1],"22":[2,2],"23":[2,4],"24":[3,1],"25":[1,2],"26":[3,21],"27":[1,2],"28":[2,1],"29":[3,2],"30":[24,23],"31":[20,4],"32":[3,1],"33":[1,2]},"f":{"1":28,"2":8,"3":26,"4":31,"5":21,"6":3,"7":2,"8":21,"9":30,"10":3,"11":3,"12":8,"13":8,"14":6,"15":6,"16":3,"17":3,"18":24,"19":24,"20":3,"21":3},"fnMap":{"1":{"name":"(anonymous_1)","line":11,"loc":{"start":{"line":11,"column":11},"end":{"line":11,"column":22}}},"2":{"name":"toBoolean","line":72,"loc":{"start":{"line":72,"column":0},"end":{"line":72,"column":26}}},"3":{"name":"GPIOError","line":92,"loc":{"start":{"line":92,"column":0},"end":{"line":92,"column":31}}},"4":{"name":"GPIO","line":105,"loc":{"start":{"line":105,"column":0},"end":{"line":105,"column":39}}},"5":{"name":"(anonymous_5)","line":128,"loc":{"start":{"line":128,"column":12},"end":{"line":128,"column":31}}},"6":{"name":"(anonymous_6)","line":131,"loc":{"start":{"line":131,"column":12},"end":{"line":131,"column":31}}},"7":{"name":"(anonymous_7)","line":134,"loc":{"start":{"line":134,"column":12},"end":{"line":134,"column":31}}},"8":{"name":"(anonymous_8)","line":138,"loc":{"start":{"line":138,"column":11},"end":{"line":138,"column":33}}},"9":{"name":"(anonymous_9)","line":152,"loc":{"start":{"line":152,"column":18},"end":{"line":152,"column":29}}},"10":{"name":"(anonymous_10)","line":167,"loc":{"start":{"line":167,"column":22},"end":{"line":167,"column":41}}},"11":{"name":"(anonymous_11)","line":172,"loc":{"start":{"line":172,"column":69},"end":{"line":172,"column":88}}},"12":{"name":"(anonymous_12)","line":194,"loc":{"start":{"line":194,"column":23},"end":{"line":194,"column":49}}},"13":{"name":"(anonymous_13)","line":200,"loc":{"start":{"line":200,"column":85},"end":{"line":200,"column":99}}},"14":{"name":"(anonymous_14)","line":221,"loc":{"start":{"line":221,"column":30},"end":{"line":221,"column":54}}},"15":{"name":"(anonymous_15)","line":230,"loc":{"start":{"line":230,"column":87},"end":{"line":230,"column":101}}},"16":{"name":"(anonymous_16)","line":241,"loc":{"start":{"line":241,"column":30},"end":{"line":241,"column":49}}},"17":{"name":"(anonymous_17)","line":246,"loc":{"start":{"line":246,"column":73},"end":{"line":246,"column":92}}},"18":{"name":"(anonymous_18)","line":257,"loc":{"start":{"line":257,"column":24},"end":{"line":257,"column":52}}},"19":{"name":"(anonymous_19)","line":269,"loc":{"start":{"line":269,"column":80},"end":{"line":269,"column":94}}},"20":{"name":"(anonymous_20)","line":280,"loc":{"start":{"line":280,"column":26},"end":{"line":280,"column":45}}},"21":{"name":"(anonymous_21)","line":285,"loc":{"start":{"line":285,"column":69},"end":{"line":285,"column":83}}}},"statementMap":{"1":{"start":{"line":4,"column":0},"end":{"line":70,"column":11}},"2":{"start":{"line":72,"column":0},"end":{"line":90,"column":1}},"3":{"start":{"line":73,"column":4},"end":{"line":75,"column":5}},"4":{"start":{"line":74,"column":8},"end":{"line":74,"column":30}},"5":{"start":{"line":77,"column":4},"end":{"line":89,"column":5}},"6":{"start":{"line":81,"column":12},"end":{"line":81,"column":24}},"7":{"start":{"line":86,"column":12},"end":{"line":86,"column":25}},"8":{"start":{"line":88,"column":12},"end":{"line":88,"column":34}},"9":{"start":{"line":92,"column":0},"end":{"line":99,"column":1}},"10":{"start":{"line":93,"column":4},"end":{"line":93,"column":33}},"11":{"start":{"line":94,"column":4},"end":{"line":94,"column":45}},"12":{"start":{"line":96,"column":4},"end":{"line":96,"column":21}},"13":{"start":{"line":98,"column":4},"end":{"line":98,"column":21}},"14":{"start":{"line":101,"column":0},"end":{"line":101,"column":32}},"15":{"start":{"line":102,"column":0},"end":{"line":102,"column":39}},"16":{"start":{"line":103,"column":0},"end":{"line":103,"column":30}},"17":{"start":{"line":105,"column":0},"end":{"line":142,"column":1}},"18":{"start":{"line":106,"column":4},"end":{"line":106,"column":20}},"19":{"start":{"line":108,"column":4},"end":{"line":110,"column":5}},"20":{"start":{"line":109,"column":8},"end":{"line":109,"column":85}},"21":{"start":{"line":113,"column":4},"end":{"line":116,"column":5}},"22":{"start":{"line":114,"column":8},"end":{"line":114,"column":58}},"23":{"start":{"line":115,"column":8},"end":{"line":115,"column":67}},"24":{"start":{"line":118,"column":4},"end":{"line":118,"column":22}},"25":{"start":{"line":120,"column":4},"end":{"line":120,"column":28}},"26":{"start":{"line":122,"column":4},"end":{"line":124,"column":5}},"27":{"start":{"line":123,"column":8},"end":{"line":123,"column":78}},"28":{"start":{"line":126,"column":4},"end":{"line":141,"column":5}},"29":{"start":{"line":127,"column":8},"end":{"line":140,"column":11}},"30":{"start":{"line":129,"column":16},"end":{"line":129,"column":47}},"31":{"start":{"line":132,"column":16},"end":{"line":132,"column":85}},"32":{"start":{"line":136,"column":16},"end":{"line":136,"column":27}},"33":{"start":{"line":139,"column":12},"end":{"line":139,"column":34}},"34":{"start":{"line":144,"column":0},"end":{"line":144,"column":40}},"35":{"start":{"line":145,"column":0},"end":{"line":145,"column":42}},"36":{"start":{"line":146,"column":0},"end":{"line":146,"column":25}},"37":{"start":{"line":148,"column":0},"end":{"line":148,"column":34}},"38":{"start":{"line":149,"column":0},"end":{"line":149,"column":29}},"39":{"start":{"line":152,"column":0},"end":{"line":165,"column":2}},"40":{"start":{"line":153,"column":4},"end":{"line":154,"column":17}},"41":{"start":{"line":156,"column":4},"end":{"line":158,"column":5}},"42":{"start":{"line":157,"column":8},"end":{"line":157,"column":15}},"43":{"start":{"line":160,"column":4},"end":{"line":160,"column":63}},"44":{"start":{"line":161,"column":4},"end":{"line":161,"column":70}},"45":{"start":{"line":162,"column":4},"end":{"line":162,"column":71}},"46":{"start":{"line":164,"column":4},"end":{"line":164,"column":28}},"47":{"start":{"line":167,"column":0},"end":{"line":180,"column":2}},"48":{"start":{"line":168,"column":4},"end":{"line":168,"column":20}},"49":{"start":{"line":170,"column":4},"end":{"line":170,"column":32}},"50":{"start":{"line":172,"column":4},"end":{"line":179,"column":7}},"51":{"start":{"line":173,"column":8},"end":{"line":177,"column":9}},"52":{"start":{"line":174,"column":12},"end":{"line":176,"column":15}},"53":{"start":{"line":178,"column":8},"end":{"line":178,"column":27}},"54":{"start":{"line":194,"column":0},"end":{"line":208,"column":2}},"55":{"start":{"line":195,"column":4},"end":{"line":195,"column":20}},"56":{"start":{"line":197,"column":4},"end":{"line":197,"column":29}},"57":{"start":{"line":198,"column":4},"end":{"line":198,"column":32}},"58":{"start":{"line":200,"column":4},"end":{"line":207,"column":7}},"59":{"start":{"line":201,"column":8},"end":{"line":205,"column":9}},"60":{"start":{"line":202,"column":12},"end":{"line":204,"column":15}},"61":{"start":{"line":206,"column":8},"end":{"line":206,"column":29}},"62":{"start":{"line":221,"column":0},"end":{"line":239,"column":2}},"63":{"start":{"line":222,"column":4},"end":{"line":222,"column":20}},"64":{"start":{"line":225,"column":4},"end":{"line":228,"column":5}},"65":{"start":{"line":226,"column":8},"end":{"line":226,"column":50}},"66":{"start":{"line":227,"column":8},"end":{"line":227,"column":56}},"67":{"start":{"line":230,"column":4},"end":{"line":238,"column":7}},"68":{"start":{"line":231,"column":8},"end":{"line":236,"column":9}},"69":{"start":{"line":232,"column":12},"end":{"line":235,"column":15}},"70":{"start":{"line":237,"column":8},"end":{"line":237,"column":27}},"71":{"start":{"line":241,"column":0},"end":{"line":255,"column":2}},"72":{"start":{"line":242,"column":4},"end":{"line":242,"column":20}},"73":{"start":{"line":244,"column":4},"end":{"line":244,"column":32}},"74":{"start":{"line":246,"column":4},"end":{"line":254,"column":7}},"75":{"start":{"line":247,"column":8},"end":{"line":252,"column":9}},"76":{"start":{"line":248,"column":12},"end":{"line":251,"column":15}},"77":{"start":{"line":253,"column":8},"end":{"line":253,"column":27}},"78":{"start":{"line":257,"column":0},"end":{"line":278,"column":2}},"79":{"start":{"line":258,"column":4},"end":{"line":259,"column":13}},"80":{"start":{"line":262,"column":4},"end":{"line":265,"column":5}},"81":{"start":{"line":263,"column":8},"end":{"line":263,"column":58}},"82":{"start":{"line":264,"column":8},"end":{"line":264,"column":67}},"83":{"start":{"line":267,"column":4},"end":{"line":267,"column":30}},"84":{"start":{"line":269,"column":4},"end":{"line":277,"column":7}},"85":{"start":{"line":270,"column":8},"end":{"line":275,"column":9}},"86":{"start":{"line":271,"column":12},"end":{"line":274,"column":15}},"87":{"start":{"line":276,"column":8},"end":{"line":276,"column":28}},"88":{"start":{"line":280,"column":0},"end":{"line":293,"column":2}},"89":{"start":{"line":281,"column":4},"end":{"line":281,"column":20}},"90":{"start":{"line":283,"column":4},"end":{"line":283,"column":32}},"91":{"start":{"line":285,"column":4},"end":{"line":292,"column":7}},"92":{"start":{"line":286,"column":8},"end":{"line":290,"column":9}},"93":{"start":{"line":287,"column":12},"end":{"line":289,"column":15}},"94":{"start":{"line":291,"column":8},"end":{"line":291,"column":28}},"95":{"start":{"line":295,"column":0},"end":{"line":295,"column":32}}},"branchMap":{"1":{"line":73,"type":"if","locations":[{"start":{"line":73,"column":4},"end":{"line":73,"column":4}},{"start":{"line":73,"column":4},"end":{"line":73,"column":4}}]},"2":{"line":73,"type":"binary-expr","locations":[{"start":{"line":73,"column":8},"end":{"line":73,"column":25}},{"start":{"line":73,"column":29},"end":{"line":73,"column":47}}]},"3":{"line":77,"type":"switch","locations":[{"start":{"line":78,"column":8},"end":{"line":78,"column":20}},{"start":{"line":79,"column":8},"end":{"line":79,"column":19}},{"start":{"line":80,"column":8},"end":{"line":81,"column":24}},{"start":{"line":82,"column":8},"end":{"line":82,"column":21}},{"start":{"line":83,"column":8},"end":{"line":83,"column":18}},{"start":{"line":84,"column":8},"end":{"line":84,"column":17}},{"start":{"line":85,"column":8},"end":{"line":86,"column":25}},{"start":{"line":87,"column":8},"end":{"line":88,"column":34}}]},"4":{"line":108,"type":"if","locations":[{"start":{"line":108,"column":4},"end":{"line":108,"column":4}},{"start":{"line":108,"column":4},"end":{"line":108,"column":4}}]},"5":{"line":108,"type":"binary-expr","locations":[{"start":{"line":108,"column":8},"end":{"line":108,"column":13}},{"start":{"line":108,"column":17},"end":{"line":108,"column":42}}]},"6":{"line":113,"type":"if","locations":[{"start":{"line":113,"column":4},"end":{"line":113,"column":4}},{"start":{"line":113,"column":4},"end":{"line":113,"column":4},"skip":true}]},"7":{"line":114,"type":"cond-expr","locations":[{"start":{"line":114,"column":43},"end":{"line":114,"column":50}},{"start":{"line":114,"column":53},"end":{"line":114,"column":57}}]},"8":{"line":115,"type":"cond-expr","locations":[{"start":{"line":115,"column":54},"end":{"line":115,"column":56}},{"start":{"line":115,"column":59},"end":{"line":115,"column":66}}]},"9":{"line":115,"type":"binary-expr","locations":[{"start":{"line":115,"column":18},"end":{"line":115,"column":26}},{"start":{"line":115,"column":30},"end":{"line":115,"column":51}}]},"10":{"line":122,"type":"if","locations":[{"start":{"line":122,"column":4},"end":{"line":122,"column":4}},{"start":{"line":122,"column":4},"end":{"line":122,"column":4}}]},"11":{"line":126,"type":"if","locations":[{"start":{"line":126,"column":4},"end":{"line":126,"column":4}},{"start":{"line":126,"column":4},"end":{"line":126,"column":4}}]},"12":{"line":132,"type":"binary-expr","locations":[{"start":{"line":132,"column":34},"end":{"line":132,"column":41}},{"start":{"line":132,"column":45},"end":{"line":132,"column":62}},{"start":{"line":132,"column":66},"end":{"line":132,"column":73}}]},"13":{"line":156,"type":"if","locations":[{"start":{"line":156,"column":4},"end":{"line":156,"column":4}},{"start":{"line":156,"column":4},"end":{"line":156,"column":4}}]},"14":{"line":162,"type":"cond-expr","locations":[{"start":{"line":162,"column":47},"end":{"line":162,"column":57}},{"start":{"line":162,"column":60},"end":{"line":162,"column":70}}]},"15":{"line":170,"type":"binary-expr","locations":[{"start":{"line":170,"column":15},"end":{"line":170,"column":23}},{"start":{"line":170,"column":27},"end":{"line":170,"column":31}}]},"16":{"line":173,"type":"if","locations":[{"start":{"line":173,"column":8},"end":{"line":173,"column":8}},{"start":{"line":173,"column":8},"end":{"line":173,"column":8}}]},"17":{"line":198,"type":"binary-expr","locations":[{"start":{"line":198,"column":15},"end":{"line":198,"column":23}},{"start":{"line":198,"column":27},"end":{"line":198,"column":31}}]},"18":{"line":201,"type":"if","locations":[{"start":{"line":201,"column":8},"end":{"line":201,"column":8}},{"start":{"line":201,"column":8},"end":{"line":201,"column":8}}]},"19":{"line":225,"type":"if","locations":[{"start":{"line":225,"column":4},"end":{"line":225,"column":4}},{"start":{"line":225,"column":4},"end":{"line":225,"column":4},"skip":true}]},"20":{"line":226,"type":"cond-expr","locations":[{"start":{"line":226,"column":39},"end":{"line":226,"column":42}},{"start":{"line":226,"column":45},"end":{"line":226,"column":49}}]},"21":{"line":227,"type":"cond-expr","locations":[{"start":{"line":227,"column":42},"end":{"line":227,"column":49}},{"start":{"line":227,"column":52},"end":{"line":227,"column":55}}]},"22":{"line":227,"type":"binary-expr","locations":[{"start":{"line":227,"column":14},"end":{"line":227,"column":18}},{"start":{"line":227,"column":22},"end":{"line":227,"column":39}}]},"23":{"line":231,"type":"if","locations":[{"start":{"line":231,"column":8},"end":{"line":231,"column":8}},{"start":{"line":231,"column":8},"end":{"line":231,"column":8}}]},"24":{"line":244,"type":"binary-expr","locations":[{"start":{"line":244,"column":15},"end":{"line":244,"column":23}},{"start":{"line":244,"column":27},"end":{"line":244,"column":31}}]},"25":{"line":247,"type":"if","locations":[{"start":{"line":247,"column":8},"end":{"line":247,"column":8}},{"start":{"line":247,"column":8},"end":{"line":247,"column":8}}]},"26":{"line":262,"type":"if","locations":[{"start":{"line":262,"column":4},"end":{"line":262,"column":4}},{"start":{"line":262,"column":4},"end":{"line":262,"column":4},"skip":true}]},"27":{"line":263,"type":"cond-expr","locations":[{"start":{"line":263,"column":43},"end":{"line":263,"column":50}},{"start":{"line":263,"column":53},"end":{"line":263,"column":57}}]},"28":{"line":264,"type":"cond-expr","locations":[{"start":{"line":264,"column":54},"end":{"line":264,"column":56}},{"start":{"line":264,"column":59},"end":{"line":264,"column":66}}]},"29":{"line":264,"type":"binary-expr","locations":[{"start":{"line":264,"column":18},"end":{"line":264,"column":26}},{"start":{"line":264,"column":30},"end":{"line":264,"column":51}}]},"30":{"line":267,"type":"binary-expr","locations":[{"start":{"line":267,"column":11},"end":{"line":267,"column":23}},{"start":{"line":267,"column":27},"end":{"line":267,"column":29}}]},"31":{"line":270,"type":"if","locations":[{"start":{"line":270,"column":8},"end":{"line":270,"column":8}},{"start":{"line":270,"column":8},"end":{"line":270,"column":8}}]},"32":{"line":283,"type":"binary-expr","locations":[{"start":{"line":283,"column":15},"end":{"line":283,"column":23}},{"start":{"line":283,"column":27},"end":{"line":283,"column":31}}]},"33":{"line":286,"type":"if","locations":[{"start":{"line":286,"column":8},"end":{"line":286,"column":8}},{"start":{"line":286,"column":8},"end":{"line":286,"column":8}}]}},"l":{"4":1,"72":1,"73":8,"74":4,"77":4,"81":1,"86":2,"88":1,"92":1,"93":26,"94":26,"96":26,"98":26,"101":1,"102":1,"103":1,"105":1,"106":31,"108":31,"109":1,"113":30,"114":30,"115":30,"118":30,"120":30,"122":30,"123":1,"126":29,"127":21,"129":21,"132":3,"136":2,"139":21,"144":1,"145":1,"146":1,"148":1,"149":1,"152":1,"153":30,"156":30,"157":27,"160":3,"161":3,"162":3,"164":3,"167":1,"168":3,"170":3,"172":3,"173":3,"174":1,"178":3,"194":1,"195":8,"197":8,"198":8,"200":8,"201":8,"202":1,"206":8,"221":1,"222":6,"225":6,"226":2,"227":2,"230":6,"231":6,"232":2,"237":6,"241":1,"242":3,"244":3,"246":3,"247":3,"248":1,"253":3,"257":1,"258":24,"262":24,"263":3,"264":3,"267":24,"269":24,"270":24,"271":20,"276":24,"280":1,"281":3,"283":3,"285":3,"286":3,"287":1,"291":3,"295":1}}}
