{
"/home/jeboothjr/Documents/workspace/repositories/rpi/RasPi_GPIO/RasPi_GPIO.js":{"path":"/home/jeboothjr/Documents/workspace/repositories/rpi/RasPi_GPIO/RasPi_GPIO.js","s":{"1":1,"2":1,"3":8,"4":4,"5":4,"6":1,"7":2,"8":1,"9":1,"10":26,"11":26,"12":26,"13":26,"14":1,"15":1,"16":1,"17":1,"18":31,"19":31,"20":1,"21":30,"22":30,"23":30,"24":30,"25":30,"26":30,"27":30,"28":1,"29":29,"30":21,"31":21,"32":3,"33":2,"34":21,"35":1,"36":1,"37":1,"38":1,"39":1,"40":1,"41":30,"42":30,"43":27,"44":3,"45":3,"46":3,"47":3,"48":1,"49":3,"50":3,"51":3,"52":3,"53":1,"54":3,"55":1,"56":8,"57":8,"58":8,"59":8,"60":8,"61":1,"62":8,"63":1,"64":6,"65":6,"66":2,"67":2,"68":6,"69":6,"70":2,"71":6,"72":1,"73":3,"74":3,"75":3,"76":3,"77":1,"78":3,"79":1,"80":24,"81":24,"82":3,"83":3,"84":24,"85":24,"86":24,"87":20,"88":24,"89":1,"90":3,"91":3,"92":3,"93":3,"94":1,"95":3,"96":1},"b":{"1":[4,4],"2":[8,5],"3":[1,1,1,1,1,2,2,1],"4":[1,30],"5":[31,30],"6":[30,0],"7":[1,29],"8":[20,10],"9":[30,11],"10":[1,29],"11":[21,8],"12":[3,3,2],"13":[27,3],"14":[1,2],"15":[3,1],"16":[1,2],"17":[6,2],"18":[8,2],"19":[1,7],"20":[2,4],"21":[1,1],"22":[1,1],"23":[2,2],"24":[2,4],"25":[3,1],"26":[1,2],"27":[3,21],"28":[1,2],"29":[2,1],"30":[3,2],"31":[24,23],"32":[20,4],"33":[3,1],"34":[1,2]},"f":{"1":28,"2":8,"3":26,"4":31,"5":21,"6":3,"7":2,"8":21,"9":30,"10":3,"11":3,"12":8,"13":8,"14":6,"15":6,"16":3,"17":3,"18":24,"19":24,"20":3,"21":3},"fnMap":{"1":{"name":"(anonymous_1)","line":11,"loc":{"start":{"line":11,"column":11},"end":{"line":11,"column":22}}},"2":{"name":"toBoolean","line":70,"loc":{"start":{"line":70,"column":0},"end":{"line":70,"column":26}}},"3":{"name":"GPIOError","line":90,"loc":{"start":{"line":90,"column":0},"end":{"line":90,"column":31}}},"4":{"name":"GPIO","line":103,"loc":{"start":{"line":103,"column":0},"end":{"line":103,"column":38}}},"5":{"name":"(anonymous_5)","line":127,"loc":{"start":{"line":127,"column":12},"end":{"line":127,"column":31}}},"6":{"name":"(anonymous_6)","line":130,"loc":{"start":{"line":130,"column":12},"end":{"line":130,"column":31}}},"7":{"name":"(anonymous_7)","line":133,"loc":{"start":{"line":133,"column":12},"end":{"line":133,"column":31}}},"8":{"name":"(anonymous_8)","line":137,"loc":{"start":{"line":137,"column":11},"end":{"line":137,"column":33}}},"9":{"name":"(anonymous_9)","line":151,"loc":{"start":{"line":151,"column":18},"end":{"line":151,"column":29}}},"10":{"name":"(anonymous_10)","line":166,"loc":{"start":{"line":166,"column":22},"end":{"line":166,"column":41}}},"11":{"name":"(anonymous_11)","line":171,"loc":{"start":{"line":171,"column":70},"end":{"line":171,"column":89}}},"12":{"name":"(anonymous_12)","line":195,"loc":{"start":{"line":195,"column":23},"end":{"line":195,"column":49}}},"13":{"name":"(anonymous_13)","line":201,"loc":{"start":{"line":201,"column":86},"end":{"line":201,"column":100}}},"14":{"name":"(anonymous_14)","line":223,"loc":{"start":{"line":223,"column":30},"end":{"line":223,"column":54}}},"15":{"name":"(anonymous_15)","line":232,"loc":{"start":{"line":232,"column":88},"end":{"line":232,"column":102}}},"16":{"name":"(anonymous_16)","line":244,"loc":{"start":{"line":244,"column":30},"end":{"line":244,"column":49}}},"17":{"name":"(anonymous_17)","line":249,"loc":{"start":{"line":249,"column":74},"end":{"line":249,"column":93}}},"18":{"name":"(anonymous_18)","line":261,"loc":{"start":{"line":261,"column":24},"end":{"line":261,"column":52}}},"19":{"name":"(anonymous_19)","line":273,"loc":{"start":{"line":273,"column":81},"end":{"line":273,"column":95}}},"20":{"name":"(anonymous_20)","line":285,"loc":{"start":{"line":285,"column":26},"end":{"line":285,"column":45}}},"21":{"name":"(anonymous_21)","line":290,"loc":{"start":{"line":290,"column":70},"end":{"line":290,"column":84}}}},"statementMap":{"1":{"start":{"line":4,"column":0},"end":{"line":68,"column":11}},"2":{"start":{"line":70,"column":0},"end":{"line":88,"column":1}},"3":{"start":{"line":71,"column":4},"end":{"line":73,"column":5}},"4":{"start":{"line":72,"column":8},"end":{"line":72,"column":30}},"5":{"start":{"line":75,"column":4},"end":{"line":87,"column":5}},"6":{"start":{"line":79,"column":12},"end":{"line":79,"column":24}},"7":{"start":{"line":84,"column":12},"end":{"line":84,"column":25}},"8":{"start":{"line":86,"column":12},"end":{"line":86,"column":34}},"9":{"start":{"line":90,"column":0},"end":{"line":97,"column":1}},"10":{"start":{"line":91,"column":4},"end":{"line":91,"column":33}},"11":{"start":{"line":92,"column":4},"end":{"line":92,"column":45}},"12":{"start":{"line":94,"column":4},"end":{"line":94,"column":21}},"13":{"start":{"line":96,"column":4},"end":{"line":96,"column":21}},"14":{"start":{"line":99,"column":0},"end":{"line":99,"column":32}},"15":{"start":{"line":100,"column":0},"end":{"line":100,"column":39}},"16":{"start":{"line":101,"column":0},"end":{"line":101,"column":30}},"17":{"start":{"line":103,"column":0},"end":{"line":141,"column":1}},"18":{"start":{"line":104,"column":4},"end":{"line":104,"column":20}},"19":{"start":{"line":106,"column":4},"end":{"line":108,"column":5}},"20":{"start":{"line":107,"column":8},"end":{"line":107,"column":84}},"21":{"start":{"line":111,"column":4},"end":{"line":114,"column":5}},"22":{"start":{"line":112,"column":8},"end":{"line":112,"column":58}},"23":{"start":{"line":113,"column":8},"end":{"line":113,"column":67}},"24":{"start":{"line":116,"column":4},"end":{"line":116,"column":22}},"25":{"start":{"line":118,"column":4},"end":{"line":118,"column":19}},"26":{"start":{"line":119,"column":4},"end":{"line":119,"column":28}},"27":{"start":{"line":121,"column":4},"end":{"line":123,"column":5}},"28":{"start":{"line":122,"column":8},"end":{"line":122,"column":77}},"29":{"start":{"line":125,"column":4},"end":{"line":140,"column":5}},"30":{"start":{"line":126,"column":8},"end":{"line":139,"column":11}},"31":{"start":{"line":128,"column":16},"end":{"line":128,"column":47}},"32":{"start":{"line":131,"column":16},"end":{"line":131,"column":85}},"33":{"start":{"line":135,"column":16},"end":{"line":135,"column":27}},"34":{"start":{"line":138,"column":12},"end":{"line":138,"column":34}},"35":{"start":{"line":143,"column":0},"end":{"line":143,"column":40}},"36":{"start":{"line":144,"column":0},"end":{"line":144,"column":42}},"37":{"start":{"line":145,"column":0},"end":{"line":145,"column":25}},"38":{"start":{"line":147,"column":0},"end":{"line":147,"column":34}},"39":{"start":{"line":148,"column":0},"end":{"line":148,"column":29}},"40":{"start":{"line":151,"column":0},"end":{"line":164,"column":2}},"41":{"start":{"line":152,"column":4},"end":{"line":153,"column":17}},"42":{"start":{"line":155,"column":4},"end":{"line":157,"column":5}},"43":{"start":{"line":156,"column":8},"end":{"line":156,"column":15}},"44":{"start":{"line":159,"column":4},"end":{"line":159,"column":63}},"45":{"start":{"line":160,"column":4},"end":{"line":160,"column":70}},"46":{"start":{"line":161,"column":4},"end":{"line":161,"column":71}},"47":{"start":{"line":163,"column":4},"end":{"line":163,"column":28}},"48":{"start":{"line":166,"column":0},"end":{"line":180,"column":2}},"49":{"start":{"line":167,"column":4},"end":{"line":167,"column":20}},"50":{"start":{"line":169,"column":4},"end":{"line":169,"column":32}},"51":{"start":{"line":171,"column":4},"end":{"line":179,"column":7}},"52":{"start":{"line":172,"column":8},"end":{"line":177,"column":9}},"53":{"start":{"line":173,"column":12},"end":{"line":176,"column":15}},"54":{"start":{"line":178,"column":8},"end":{"line":178,"column":37}},"55":{"start":{"line":195,"column":0},"end":{"line":210,"column":2}},"56":{"start":{"line":196,"column":4},"end":{"line":196,"column":20}},"57":{"start":{"line":198,"column":4},"end":{"line":198,"column":37}},"58":{"start":{"line":199,"column":4},"end":{"line":199,"column":32}},"59":{"start":{"line":201,"column":4},"end":{"line":209,"column":7}},"60":{"start":{"line":202,"column":8},"end":{"line":207,"column":9}},"61":{"start":{"line":203,"column":12},"end":{"line":206,"column":15}},"62":{"start":{"line":208,"column":8},"end":{"line":208,"column":29}},"63":{"start":{"line":223,"column":0},"end":{"line":242,"column":2}},"64":{"start":{"line":224,"column":4},"end":{"line":224,"column":20}},"65":{"start":{"line":227,"column":4},"end":{"line":230,"column":5}},"66":{"start":{"line":228,"column":8},"end":{"line":228,"column":50}},"67":{"start":{"line":229,"column":8},"end":{"line":229,"column":56}},"68":{"start":{"line":232,"column":4},"end":{"line":241,"column":7}},"69":{"start":{"line":233,"column":8},"end":{"line":239,"column":9}},"70":{"start":{"line":234,"column":12},"end":{"line":238,"column":15}},"71":{"start":{"line":240,"column":8},"end":{"line":240,"column":27}},"72":{"start":{"line":244,"column":0},"end":{"line":259,"column":2}},"73":{"start":{"line":245,"column":4},"end":{"line":245,"column":20}},"74":{"start":{"line":247,"column":4},"end":{"line":247,"column":32}},"75":{"start":{"line":249,"column":4},"end":{"line":258,"column":7}},"76":{"start":{"line":250,"column":8},"end":{"line":256,"column":9}},"77":{"start":{"line":251,"column":12},"end":{"line":255,"column":15}},"78":{"start":{"line":257,"column":8},"end":{"line":257,"column":27}},"79":{"start":{"line":261,"column":0},"end":{"line":283,"column":2}},"80":{"start":{"line":262,"column":4},"end":{"line":263,"column":13}},"81":{"start":{"line":266,"column":4},"end":{"line":269,"column":5}},"82":{"start":{"line":267,"column":8},"end":{"line":267,"column":58}},"83":{"start":{"line":268,"column":8},"end":{"line":268,"column":67}},"84":{"start":{"line":271,"column":4},"end":{"line":271,"column":30}},"85":{"start":{"line":273,"column":4},"end":{"line":282,"column":7}},"86":{"start":{"line":274,"column":8},"end":{"line":280,"column":9}},"87":{"start":{"line":275,"column":12},"end":{"line":279,"column":15}},"88":{"start":{"line":281,"column":8},"end":{"line":281,"column":28}},"89":{"start":{"line":285,"column":0},"end":{"line":299,"column":2}},"90":{"start":{"line":286,"column":4},"end":{"line":286,"column":20}},"91":{"start":{"line":288,"column":4},"end":{"line":288,"column":32}},"92":{"start":{"line":290,"column":4},"end":{"line":298,"column":7}},"93":{"start":{"line":291,"column":8},"end":{"line":296,"column":9}},"94":{"start":{"line":292,"column":12},"end":{"line":295,"column":15}},"95":{"start":{"line":297,"column":8},"end":{"line":297,"column":28}},"96":{"start":{"line":301,"column":0},"end":{"line":301,"column":32}}},"branchMap":{"1":{"line":71,"type":"if","locations":[{"start":{"line":71,"column":4},"end":{"line":71,"column":4}},{"start":{"line":71,"column":4},"end":{"line":71,"column":4}}]},"2":{"line":71,"type":"binary-expr","locations":[{"start":{"line":71,"column":8},"end":{"line":71,"column":25}},{"start":{"line":71,"column":29},"end":{"line":71,"column":47}}]},"3":{"line":75,"type":"switch","locations":[{"start":{"line":76,"column":8},"end":{"line":76,"column":20}},{"start":{"line":77,"column":8},"end":{"line":77,"column":19}},{"start":{"line":78,"column":8},"end":{"line":79,"column":24}},{"start":{"line":80,"column":8},"end":{"line":80,"column":21}},{"start":{"line":81,"column":8},"end":{"line":81,"column":18}},{"start":{"line":82,"column":8},"end":{"line":82,"column":17}},{"start":{"line":83,"column":8},"end":{"line":84,"column":25}},{"start":{"line":85,"column":8},"end":{"line":86,"column":34}}]},"4":{"line":106,"type":"if","locations":[{"start":{"line":106,"column":4},"end":{"line":106,"column":4}},{"start":{"line":106,"column":4},"end":{"line":106,"column":4}}]},"5":{"line":106,"type":"binary-expr","locations":[{"start":{"line":106,"column":8},"end":{"line":106,"column":12}},{"start":{"line":106,"column":16},"end":{"line":106,"column":40}}]},"6":{"line":111,"type":"if","locations":[{"start":{"line":111,"column":4},"end":{"line":111,"column":4}},{"start":{"line":111,"column":4},"end":{"line":111,"column":4},"skip":true}]},"7":{"line":112,"type":"cond-expr","locations":[{"start":{"line":112,"column":43},"end":{"line":112,"column":50}},{"start":{"line":112,"column":53},"end":{"line":112,"column":57}}]},"8":{"line":113,"type":"cond-expr","locations":[{"start":{"line":113,"column":54},"end":{"line":113,"column":56}},{"start":{"line":113,"column":59},"end":{"line":113,"column":66}}]},"9":{"line":113,"type":"binary-expr","locations":[{"start":{"line":113,"column":18},"end":{"line":113,"column":26}},{"start":{"line":113,"column":30},"end":{"line":113,"column":51}}]},"10":{"line":121,"type":"if","locations":[{"start":{"line":121,"column":4},"end":{"line":121,"column":4}},{"start":{"line":121,"column":4},"end":{"line":121,"column":4}}]},"11":{"line":125,"type":"if","locations":[{"start":{"line":125,"column":4},"end":{"line":125,"column":4}},{"start":{"line":125,"column":4},"end":{"line":125,"column":4}}]},"12":{"line":131,"type":"binary-expr","locations":[{"start":{"line":131,"column":34},"end":{"line":131,"column":41}},{"start":{"line":131,"column":45},"end":{"line":131,"column":62}},{"start":{"line":131,"column":66},"end":{"line":131,"column":73}}]},"13":{"line":155,"type":"if","locations":[{"start":{"line":155,"column":4},"end":{"line":155,"column":4}},{"start":{"line":155,"column":4},"end":{"line":155,"column":4}}]},"14":{"line":161,"type":"cond-expr","locations":[{"start":{"line":161,"column":47},"end":{"line":161,"column":57}},{"start":{"line":161,"column":60},"end":{"line":161,"column":70}}]},"15":{"line":169,"type":"binary-expr","locations":[{"start":{"line":169,"column":15},"end":{"line":169,"column":23}},{"start":{"line":169,"column":27},"end":{"line":169,"column":31}}]},"16":{"line":172,"type":"if","locations":[{"start":{"line":172,"column":8},"end":{"line":172,"column":8}},{"start":{"line":172,"column":8},"end":{"line":172,"column":8}}]},"17":{"line":198,"type":"cond-expr","locations":[{"start":{"line":198,"column":31},"end":{"line":198,"column":32}},{"start":{"line":198,"column":35},"end":{"line":198,"column":36}}]},"18":{"line":199,"type":"binary-expr","locations":[{"start":{"line":199,"column":15},"end":{"line":199,"column":23}},{"start":{"line":199,"column":27},"end":{"line":199,"column":31}}]},"19":{"line":202,"type":"if","locations":[{"start":{"line":202,"column":8},"end":{"line":202,"column":8}},{"start":{"line":202,"column":8},"end":{"line":202,"column":8}}]},"20":{"line":227,"type":"if","locations":[{"start":{"line":227,"column":4},"end":{"line":227,"column":4}},{"start":{"line":227,"column":4},"end":{"line":227,"column":4},"skip":true}]},"21":{"line":228,"type":"cond-expr","locations":[{"start":{"line":228,"column":39},"end":{"line":228,"column":42}},{"start":{"line":228,"column":45},"end":{"line":228,"column":49}}]},"22":{"line":229,"type":"cond-expr","locations":[{"start":{"line":229,"column":42},"end":{"line":229,"column":49}},{"start":{"line":229,"column":52},"end":{"line":229,"column":55}}]},"23":{"line":229,"type":"binary-expr","locations":[{"start":{"line":229,"column":14},"end":{"line":229,"column":18}},{"start":{"line":229,"column":22},"end":{"line":229,"column":39}}]},"24":{"line":233,"type":"if","locations":[{"start":{"line":233,"column":8},"end":{"line":233,"column":8}},{"start":{"line":233,"column":8},"end":{"line":233,"column":8}}]},"25":{"line":247,"type":"binary-expr","locations":[{"start":{"line":247,"column":15},"end":{"line":247,"column":23}},{"start":{"line":247,"column":27},"end":{"line":247,"column":31}}]},"26":{"line":250,"type":"if","locations":[{"start":{"line":250,"column":8},"end":{"line":250,"column":8}},{"start":{"line":250,"column":8},"end":{"line":250,"column":8}}]},"27":{"line":266,"type":"if","locations":[{"start":{"line":266,"column":4},"end":{"line":266,"column":4}},{"start":{"line":266,"column":4},"end":{"line":266,"column":4},"skip":true}]},"28":{"line":267,"type":"cond-expr","locations":[{"start":{"line":267,"column":43},"end":{"line":267,"column":50}},{"start":{"line":267,"column":53},"end":{"line":267,"column":57}}]},"29":{"line":268,"type":"cond-expr","locations":[{"start":{"line":268,"column":54},"end":{"line":268,"column":56}},{"start":{"line":268,"column":59},"end":{"line":268,"column":66}}]},"30":{"line":268,"type":"binary-expr","locations":[{"start":{"line":268,"column":18},"end":{"line":268,"column":26}},{"start":{"line":268,"column":30},"end":{"line":268,"column":51}}]},"31":{"line":271,"type":"binary-expr","locations":[{"start":{"line":271,"column":11},"end":{"line":271,"column":23}},{"start":{"line":271,"column":27},"end":{"line":271,"column":29}}]},"32":{"line":274,"type":"if","locations":[{"start":{"line":274,"column":8},"end":{"line":274,"column":8}},{"start":{"line":274,"column":8},"end":{"line":274,"column":8}}]},"33":{"line":288,"type":"binary-expr","locations":[{"start":{"line":288,"column":15},"end":{"line":288,"column":23}},{"start":{"line":288,"column":27},"end":{"line":288,"column":31}}]},"34":{"line":291,"type":"if","locations":[{"start":{"line":291,"column":8},"end":{"line":291,"column":8}},{"start":{"line":291,"column":8},"end":{"line":291,"column":8}}]}},"l":{"4":1,"70":1,"71":8,"72":4,"75":4,"79":1,"84":2,"86":1,"90":1,"91":26,"92":26,"94":26,"96":26,"99":1,"100":1,"101":1,"103":1,"104":31,"106":31,"107":1,"111":30,"112":30,"113":30,"116":30,"118":30,"119":30,"121":30,"122":1,"125":29,"126":21,"128":21,"131":3,"135":2,"138":21,"143":1,"144":1,"145":1,"147":1,"148":1,"151":1,"152":30,"155":30,"156":27,"159":3,"160":3,"161":3,"163":3,"166":1,"167":3,"169":3,"171":3,"172":3,"173":1,"178":3,"195":1,"196":8,"198":8,"199":8,"201":8,"202":8,"203":1,"208":8,"223":1,"224":6,"227":6,"228":2,"229":2,"232":6,"233":6,"234":2,"240":6,"244":1,"245":3,"247":3,"249":3,"250":3,"251":1,"257":3,"261":1,"262":24,"266":24,"267":3,"268":3,"271":24,"273":24,"274":24,"275":20,"281":24,"285":1,"286":3,"288":3,"290":3,"291":3,"292":1,"297":3,"301":1}}}
