TN:
SF:/home/jeboothjr/Documents/workspace/repositories/rpi/RasPi_GPIO/RasPi_GPIO.js
FN:11,(anonymous_1)
FN:70,toBoolean
FN:90,GPIOError
FN:103,GPIO
FN:127,(anonymous_5)
FN:130,(anonymous_6)
FN:133,(anonymous_7)
FN:137,(anonymous_8)
FN:151,(anonymous_9)
FN:166,(anonymous_10)
FN:171,(anonymous_11)
FN:195,(anonymous_12)
FN:201,(anonymous_13)
FN:223,(anonymous_14)
FN:232,(anonymous_15)
FN:244,(anonymous_16)
FN:249,(anonymous_17)
FN:261,(anonymous_18)
FN:273,(anonymous_19)
FN:285,(anonymous_20)
FN:290,(anonymous_21)
FNF:21
FNH:21
FNDA:28,(anonymous_1)
FNDA:8,toBoolean
FNDA:26,GPIOError
FNDA:31,GPIO
FNDA:21,(anonymous_5)
FNDA:3,(anonymous_6)
FNDA:2,(anonymous_7)
FNDA:21,(anonymous_8)
FNDA:30,(anonymous_9)
FNDA:3,(anonymous_10)
FNDA:3,(anonymous_11)
FNDA:8,(anonymous_12)
FNDA:8,(anonymous_13)
FNDA:6,(anonymous_14)
FNDA:6,(anonymous_15)
FNDA:3,(anonymous_16)
FNDA:3,(anonymous_17)
FNDA:24,(anonymous_18)
FNDA:24,(anonymous_19)
FNDA:3,(anonymous_20)
FNDA:3,(anonymous_21)
DA:4,1
DA:70,1
DA:71,8
DA:72,4
DA:75,4
DA:79,1
DA:84,2
DA:86,1
DA:90,1
DA:91,26
DA:92,26
DA:94,26
DA:96,26
DA:99,1
DA:100,1
DA:101,1
DA:103,1
DA:104,31
DA:106,31
DA:107,1
DA:111,30
DA:112,30
DA:113,30
DA:116,30
DA:118,30
DA:119,30
DA:121,30
DA:122,1
DA:125,29
DA:126,21
DA:128,21
DA:131,3
DA:135,2
DA:138,21
DA:143,1
DA:144,1
DA:145,1
DA:147,1
DA:148,1
DA:151,1
DA:152,30
DA:155,30
DA:156,27
DA:159,3
DA:160,3
DA:161,3
DA:163,3
DA:166,1
DA:167,3
DA:169,3
DA:171,3
DA:172,3
DA:173,1
DA:178,3
DA:195,1
DA:196,8
DA:198,8
DA:199,8
DA:201,8
DA:202,8
DA:203,1
DA:208,8
DA:223,1
DA:224,6
DA:227,6
DA:228,2
DA:229,2
DA:232,6
DA:233,6
DA:234,2
DA:240,6
DA:244,1
DA:245,3
DA:247,3
DA:249,3
DA:250,3
DA:251,1
DA:257,3
DA:261,1
DA:262,24
DA:266,24
DA:267,3
DA:268,3
DA:271,24
DA:273,24
DA:274,24
DA:275,20
DA:281,24
DA:285,1
DA:286,3
DA:288,3
DA:290,3
DA:291,3
DA:292,1
DA:297,3
DA:301,1
LF:96
LH:96
BRDA:71,1,0,4
BRDA:71,1,1,4
BRDA:71,2,0,8
BRDA:71,2,1,5
BRDA:75,3,0,1
BRDA:75,3,1,1
BRDA:75,3,2,1
BRDA:75,3,3,1
BRDA:75,3,4,1
BRDA:75,3,5,2
BRDA:75,3,6,2
BRDA:75,3,7,1
BRDA:106,4,0,1
BRDA:106,4,1,30
BRDA:106,5,0,31
BRDA:106,5,1,30
BRDA:111,6,0,30
BRDA:111,6,1,0
BRDA:112,7,0,1
BRDA:112,7,1,29
BRDA:113,8,0,20
BRDA:113,8,1,10
BRDA:113,9,0,30
BRDA:113,9,1,11
BRDA:121,10,0,1
BRDA:121,10,1,29
BRDA:125,11,0,21
BRDA:125,11,1,8
BRDA:131,12,0,3
BRDA:131,12,1,3
BRDA:131,12,2,2
BRDA:155,13,0,27
BRDA:155,13,1,3
BRDA:161,14,0,1
BRDA:161,14,1,2
BRDA:169,15,0,3
BRDA:169,15,1,1
BRDA:172,16,0,1
BRDA:172,16,1,2
BRDA:198,17,0,6
BRDA:198,17,1,2
BRDA:199,18,0,8
BRDA:199,18,1,2
BRDA:202,19,0,1
BRDA:202,19,1,7
BRDA:227,20,0,2
BRDA:227,20,1,4
BRDA:228,21,0,1
BRDA:228,21,1,1
BRDA:229,22,0,1
BRDA:229,22,1,1
BRDA:229,23,0,2
BRDA:229,23,1,2
BRDA:233,24,0,2
BRDA:233,24,1,4
BRDA:247,25,0,3
BRDA:247,25,1,1
BRDA:250,26,0,1
BRDA:250,26,1,2
BRDA:266,27,0,3
BRDA:266,27,1,21
BRDA:267,28,0,1
BRDA:267,28,1,2
BRDA:268,29,0,2
BRDA:268,29,1,1
BRDA:268,30,0,3
BRDA:268,30,1,2
BRDA:271,31,0,24
BRDA:271,31,1,23
BRDA:274,32,0,20
BRDA:274,32,1,4
BRDA:288,33,0,3
BRDA:288,33,1,1
BRDA:291,34,0,1
BRDA:291,34,1,2
BRF:75
BRH:75
end_of_record
