TN:
SF:/home/jeboothjr/Documents/workspace/repositories/rpi/RasPi_GPIO/RasPi_GPIO.js
FN:11,(anonymous_1)
FN:72,toBoolean
FN:92,GPIOError
FN:105,GPIO
FN:128,(anonymous_5)
FN:131,(anonymous_6)
FN:134,(anonymous_7)
FN:138,(anonymous_8)
FN:152,(anonymous_9)
FN:167,(anonymous_10)
FN:172,(anonymous_11)
FN:194,(anonymous_12)
FN:200,(anonymous_13)
FN:221,(anonymous_14)
FN:230,(anonymous_15)
FN:241,(anonymous_16)
FN:246,(anonymous_17)
FN:257,(anonymous_18)
FN:269,(anonymous_19)
FN:280,(anonymous_20)
FN:285,(anonymous_21)
FNF:21
FNH:21
FNDA:28,(anonymous_1)
FNDA:8,toBoolean
FNDA:26,GPIOError
FNDA:31,GPIO
FNDA:21,(anonymous_5)
FNDA:3,(anonymous_6)
FNDA:2,(anonymous_7)
FNDA:21,(anonymous_8)
FNDA:30,(anonymous_9)
FNDA:3,(anonymous_10)
FNDA:3,(anonymous_11)
FNDA:8,(anonymous_12)
FNDA:8,(anonymous_13)
FNDA:6,(anonymous_14)
FNDA:6,(anonymous_15)
FNDA:3,(anonymous_16)
FNDA:3,(anonymous_17)
FNDA:24,(anonymous_18)
FNDA:24,(anonymous_19)
FNDA:3,(anonymous_20)
FNDA:3,(anonymous_21)
DA:4,1
DA:72,1
DA:73,8
DA:74,4
DA:77,4
DA:81,1
DA:86,2
DA:88,1
DA:92,1
DA:93,26
DA:94,26
DA:96,26
DA:98,26
DA:101,1
DA:102,1
DA:103,1
DA:105,1
DA:106,31
DA:108,31
DA:109,1
DA:113,30
DA:114,30
DA:115,30
DA:118,30
DA:120,30
DA:122,30
DA:123,1
DA:126,29
DA:127,21
DA:129,21
DA:132,3
DA:136,2
DA:139,21
DA:144,1
DA:145,1
DA:146,1
DA:148,1
DA:149,1
DA:152,1
DA:153,30
DA:156,30
DA:157,27
DA:160,3
DA:161,3
DA:162,3
DA:164,3
DA:167,1
DA:168,3
DA:170,3
DA:172,3
DA:173,3
DA:174,1
DA:178,3
DA:194,1
DA:195,8
DA:197,8
DA:198,8
DA:200,8
DA:201,8
DA:202,1
DA:206,8
DA:221,1
DA:222,6
DA:225,6
DA:226,2
DA:227,2
DA:230,6
DA:231,6
DA:232,2
DA:237,6
DA:241,1
DA:242,3
DA:244,3
DA:246,3
DA:247,3
DA:248,1
DA:253,3
DA:257,1
DA:258,24
DA:262,24
DA:263,3
DA:264,3
DA:267,24
DA:269,24
DA:270,24
DA:271,20
DA:276,24
DA:280,1
DA:281,3
DA:283,3
DA:285,3
DA:286,3
DA:287,1
DA:291,3
DA:295,1
LF:95
LH:95
BRDA:73,1,0,4
BRDA:73,1,1,4
BRDA:73,2,0,8
BRDA:73,2,1,5
BRDA:77,3,0,1
BRDA:77,3,1,1
BRDA:77,3,2,1
BRDA:77,3,3,1
BRDA:77,3,4,1
BRDA:77,3,5,2
BRDA:77,3,6,2
BRDA:77,3,7,1
BRDA:108,4,0,1
BRDA:108,4,1,30
BRDA:108,5,0,31
BRDA:108,5,1,30
BRDA:113,6,0,30
BRDA:113,6,1,0
BRDA:114,7,0,1
BRDA:114,7,1,29
BRDA:115,8,0,20
BRDA:115,8,1,10
BRDA:115,9,0,30
BRDA:115,9,1,11
BRDA:122,10,0,1
BRDA:122,10,1,29
BRDA:126,11,0,21
BRDA:126,11,1,8
BRDA:132,12,0,3
BRDA:132,12,1,3
BRDA:132,12,2,2
BRDA:156,13,0,27
BRDA:156,13,1,3
BRDA:162,14,0,1
BRDA:162,14,1,2
BRDA:170,15,0,3
BRDA:170,15,1,1
BRDA:173,16,0,1
BRDA:173,16,1,2
BRDA:198,17,0,8
BRDA:198,17,1,2
BRDA:201,18,0,1
BRDA:201,18,1,7
BRDA:225,19,0,2
BRDA:225,19,1,4
BRDA:226,20,0,1
BRDA:226,20,1,1
BRDA:227,21,0,1
BRDA:227,21,1,1
BRDA:227,22,0,2
BRDA:227,22,1,2
BRDA:231,23,0,2
BRDA:231,23,1,4
BRDA:244,24,0,3
BRDA:244,24,1,1
BRDA:247,25,0,1
BRDA:247,25,1,2
BRDA:262,26,0,3
BRDA:262,26,1,21
BRDA:263,27,0,1
BRDA:263,27,1,2
BRDA:264,28,0,2
BRDA:264,28,1,1
BRDA:264,29,0,3
BRDA:264,29,1,2
BRDA:267,30,0,24
BRDA:267,30,1,23
BRDA:270,31,0,20
BRDA:270,31,1,4
BRDA:283,32,0,3
BRDA:283,32,1,1
BRDA:286,33,0,1
BRDA:286,33,1,2
BRF:73
BRH:73
end_of_record
